<?xml version="1.0" encoding="UTF-8"?>
<testng-results ignored="0" total="3" passed="3" failed="0" skipped="0">
  <reporter-output>
  </reporter-output>
  <suite started-at="2022-12-25T18:13:29 IST" name="Suite" finished-at="2022-12-25T18:13:40 IST" duration-ms="10777">
    <groups>
    </groups>
    <test started-at="2022-12-25T18:13:29 IST" name="Test" finished-at="2022-12-25T18:13:40 IST" duration-ms="10777">
      <class name="com.test.TC_login">
        <test-method signature="login_Test()[pri:0, instance:com.test.TC_login@7ec7ffd3]" started-at="2022-12-25T18:13:29 IST" name="login_Test" finished-at="2022-12-25T18:13:40 IST" duration-ms="10717" status="PASS">
          <reporter-output>
          </reporter-output>
        </test-method> <!-- login_Test -->
      </class> <!-- com.test.TC_login -->
      <class name="com.test.AppTest">
        <test-method signature="testlogin1()[pri:0, instance:com.test.AppTest@6c64cb25]" started-at="2022-12-25T18:13:40 IST" name="testlogin1" finished-at="2022-12-25T18:13:40 IST" duration-ms="17" status="PASS">
          <reporter-output>
          </reporter-output>
        </test-method> <!-- testlogin1 -->
        <test-method signature="testlogin2()[pri:0, instance:com.test.AppTest@6c64cb25]" started-at="2022-12-25T18:13:40 IST" name="testlogin2" finished-at="2022-12-25T18:13:40 IST" duration-ms="1" status="PASS">
          <reporter-output>
          </reporter-output>
        </test-method> <!-- testlogin2 -->
      </class> <!-- com.test.AppTest -->
    </test> <!-- Test -->
  </suite> <!-- Suite -->
</testng-results>
